2021.10.07 08:07:49 INFO  web[][o.s.p.ProcessEntryPoint] Starting web
2021.10.07 08:07:49 INFO  web[][o.a.t.u.n.NioSelectorPool] Using a shared selector for servlet write/read
2021.10.07 08:07:50 INFO  web[][o.s.s.e.EsClientProvider] Connected to local Elasticsearch: [http://localhost:9001]
2021.10.07 08:07:50 INFO  web[][o.s.s.p.LogServerVersion] SonarQube Server / 9.1.0.47736 / 98d09fa4f1400143dbea332952db3aa6984be125
2021.10.07 08:07:51 INFO  web[][o.s.s.p.d.EmbeddedDatabase] Starting embedded database on port 9092 with url jdbc:h2:tcp://127.0.0.1:9092/sonar
2021.10.07 08:07:51 INFO  web[][o.s.s.p.d.EmbeddedDatabase] Embedded database started. Data stored in: /home/nathanael/MASTER_S1/software-engineering/install/sonarqube/data
2021.10.07 08:07:51 INFO  web[][o.sonar.db.Database] Create JDBC data source for jdbc:h2:tcp://127.0.0.1:9092/sonar
2021.10.07 08:07:51 WARN  web[][o.s.db.dialect.H2] H2 database should be used for evaluation purpose only.
2021.10.07 08:07:51 INFO  web[][o.s.s.p.ServerFileSystemImpl] SonarQube home: /home/nathanael/MASTER_S1/software-engineering/install/sonarqube
2021.10.07 08:07:51 INFO  web[][o.s.s.u.SystemPasscodeImpl] System authentication by passcode is disabled
2021.10.07 08:07:52 INFO  web[][o.s.s.p.ServerPluginManager] Deploy plugin C# Code Quality and Security / 8.29.0.36737 / 51d48f1f36d94330bd7cd751ca3bd01e858e6486
2021.10.07 08:07:52 INFO  web[][o.s.s.p.ServerPluginManager] Deploy plugin CSS Code Quality and Security / 1.4.2.2002 / faa7d4f1407df67df7ada53caf677ab783721173
2021.10.07 08:07:52 INFO  web[][o.s.s.p.ServerPluginManager] Deploy plugin Flex Code Quality and Security / 2.6.2.2641 / 11f07506915923b3a0e39e4e34280644c035b925
2021.10.07 08:07:52 INFO  web[][o.s.s.p.ServerPluginManager] Deploy plugin Go Code Quality and Security / 1.8.3.2219 / d6ad7a5a47fc4785d2e80918fb7424be46e38a7f
2021.10.07 08:07:52 INFO  web[][o.s.s.p.ServerPluginManager] Deploy plugin HTML Code Quality and Security / 3.4.0.2754 / 38f7ff864ae15152c9f1efc3014594f7e7ca7b6e
2021.10.07 08:07:52 INFO  web[][o.s.s.p.ServerPluginManager] Deploy plugin JaCoCo / 1.1.1.1157 / 83478572b9f23efac29de15e30c7758bbb0c0e47
2021.10.07 08:07:52 INFO  web[][o.s.s.p.ServerPluginManager] Deploy plugin Java Code Quality and Security / 7.3.0.27589 / c8c513194e28fe5b8f4e5db5b220c573650f4432
2021.10.07 08:07:52 INFO  web[][o.s.s.p.ServerPluginManager] Deploy plugin JavaScript/TypeScript Code Quality and Security / 8.4.0.16431 / a11eb10b34d41ae596cd9218d1ed0c538b69dc58
2021.10.07 08:07:52 INFO  web[][o.s.s.p.ServerPluginManager] Deploy plugin Kotlin Code Quality and Security / 2.2.0.499 / 5dd102bda528f83955875a811f429398bfea9ed1
2021.10.07 08:07:52 INFO  web[][o.s.s.p.ServerPluginManager] Deploy plugin PHP Code Quality and Security / 3.20.0.8080 / 74271733c3bf37a351dc9ad421e4f72ec399ad38
2021.10.07 08:07:52 INFO  web[][o.s.s.p.ServerPluginManager] Deploy plugin Python Code Quality and Security / 3.6.0.8488 / d52bd3c2c03b39a49d37dee663ca9d5edd758590
2021.10.07 08:07:52 INFO  web[][o.s.s.p.ServerPluginManager] Deploy plugin Ruby Code Quality and Security / 1.8.3.2219 / d6ad7a5a47fc4785d2e80918fb7424be46e38a7f
2021.10.07 08:07:52 INFO  web[][o.s.s.p.ServerPluginManager] Deploy plugin Scala Code Quality and Security / 1.8.3.2219 / d6ad7a5a47fc4785d2e80918fb7424be46e38a7f
2021.10.07 08:07:52 INFO  web[][o.s.s.p.ServerPluginManager] Deploy plugin VB.NET Code Quality and Security / 8.29.0.36737 / 51d48f1f36d94330bd7cd751ca3bd01e858e6486
2021.10.07 08:07:52 INFO  web[][o.s.s.p.ServerPluginManager] Deploy plugin XML Code Quality and Security / 2.3.0.3155 / 69e75392176736ddd1abaf57cad63c1cc30a9e82
2021.10.07 08:07:52 WARN  web[][o.s.a.s.w.WebService$Action] The response example is not set on action api/system/liveness
2021.10.07 08:07:52 INFO  web[][o.s.s.p.w.MasterServletFilter] Initializing servlet filter org.sonar.server.platform.web.WebServiceFilter@43d32dd6 [pattern=UrlPattern{inclusions=[/api/system/migrate_db.*, ...], exclusions=[/api/components/update_key, ...]}]
2021.10.07 08:07:52 INFO  web[][o.s.s.p.DetectPluginChange] Detect plugin changes
2021.10.07 08:07:52 INFO  web[][o.s.s.p.DetectPluginChange] No plugin change detected
2021.10.07 08:07:52 INFO  web[][o.s.s.a.EmbeddedTomcat] HTTP connector enabled on port 9000
2021.10.07 08:07:53 INFO  web[][o.s.s.p.UpdateCenterClient] Update center: https://update.sonarsource.org/update-center.properties (no proxy)
2021.10.07 08:07:53 INFO  web[][o.s.s.s.LogServerId] Server ID: BF41A1F2-AXxLDyRJ5xwST75WQkwu
2021.10.07 08:07:54 WARN  web[][o.s.s.a.LogOAuthWarning] For security reasons, OAuth authentication should use HTTPS. You should set the property 'Administration > Configuration > Server base URL' to a HTTPS URL.
2021.10.07 08:07:54 WARN  web[][o.s.a.s.w.WebService$Action] The response example is not set on action api/plugins/download
2021.10.07 08:07:54 WARN  web[][o.s.a.s.w.WebService$Action] The response example is not set on action api/system/liveness
2021.10.07 08:07:54 WARN  web[][o.s.a.s.w.WebService$Action] The response example is not set on action api/alm_integrations/list_bitbucketserver_projects
2021.10.07 08:07:54 WARN  web[][o.s.a.s.w.WebService$Action] The response example is not set on action api/alm_integrations/search_bitbucketcloud_repos
2021.10.07 08:07:54 WARN  web[][o.s.a.s.w.WebService$Action] The response example is not set on action api/alm_integrations/check_pat
2021.10.07 08:07:54 WARN  web[][o.s.a.s.w.WebService$Action] The response example is not set on action api/alm_integrations/list_azure_projects
2021.10.07 08:07:54 WARN  web[][o.s.a.s.w.WebService$Action] The response example is not set on action api/alm_integrations/search_bitbucketserver_repos
2021.10.07 08:07:54 WARN  web[][o.s.a.s.w.WebService$Action] The response example is not set on action api/alm_integrations/search_azure_repos
2021.10.07 08:07:54 INFO  web[][o.s.s.t.TelemetryDaemon] Sharing of SonarQube statistics is enabled.
2021.10.07 08:07:54 INFO  web[][o.s.s.n.NotificationDaemon] Notification service started (delay 60 sec.)
2021.10.07 08:07:54 INFO  web[][o.s.s.a.p.ExpiredSessionsCleaner] Purge of expired session tokens has removed 0 elements
2021.10.07 08:07:54 INFO  web[][o.s.s.a.p.ExpiredSessionsCleaner] Purge of expired SAML message ids has removed 0 elements
2021.10.07 08:07:54 INFO  web[][o.s.s.s.GeneratePluginIndex] Generate scanner plugin index
2021.10.07 08:07:54 INFO  web[][o.s.s.s.RegisterPermissionTemplates] Register permission templates
2021.10.07 08:07:54 INFO  web[][o.s.s.s.RenameDeprecatedPropertyKeys] Rename deprecated property keys
2021.10.07 08:07:54 INFO  web[][o.s.s.s.RegisterPlugins] Register plugins
2021.10.07 08:07:54 INFO  web[][o.s.s.p.w.MasterServletFilter] Initializing servlet filter org.sonar.server.platform.web.SonarLintConnectionFilter@557f709d [pattern=UrlPattern{inclusions=[/api/*], exclusions=[]}]
2021.10.07 08:07:54 INFO  web[][o.s.s.p.w.MasterServletFilter] Initializing servlet filter org.sonar.server.platform.web.WebServiceFilter@5b4fdda5 [pattern=UrlPattern{inclusions=[/api/issues/delete_comment.*, ...], exclusions=[/api/authentication/login.*, ...]}]
2021.10.07 08:07:54 INFO  web[][o.s.s.p.w.MasterServletFilter] Initializing servlet filter org.sonar.server.platform.web.WebServiceReroutingFilter@44c4695 [pattern=UrlPattern{inclusions=[/api/components/bulk_update_key, ...], exclusions=[]}]
2021.10.07 08:07:54 INFO  web[][o.s.s.p.w.MasterServletFilter] Initializing servlet filter org.sonar.server.plugins.PluginsRiskConsentFilter@7f3bb3a [pattern=UrlPattern{inclusions=[/*], exclusions=[*.css, ...]}]
2021.10.07 08:07:54 INFO  web[][o.s.s.p.w.MasterServletFilter] Initializing servlet filter org.sonar.server.authentication.DefaultAdminCredentialsVerifierFilter@78b0d4dd [pattern=UrlPattern{inclusions=[/*], exclusions=[*.css, ...]}]
2021.10.07 08:07:54 INFO  web[][o.s.s.p.w.MasterServletFilter] Initializing servlet filter org.sonar.server.authentication.InitFilter@74041a3d [pattern=UrlPattern{inclusions=[/sessions/init/*], exclusions=[]}]
2021.10.07 08:07:54 INFO  web[][o.s.s.p.w.MasterServletFilter] Initializing servlet filter org.sonar.server.authentication.OAuth2CallbackFilter@25701634 [pattern=UrlPattern{inclusions=[/oauth2/callback/*], exclusions=[]}]
2021.10.07 08:07:54 INFO  web[][o.s.s.p.w.MasterServletFilter] Initializing servlet filter org.sonar.server.authentication.ResetPasswordFilter@3ce33cd [pattern=UrlPattern{inclusions=[/*], exclusions=[*.css, ...]}]
2021.10.07 08:07:54 INFO  web[][o.s.s.p.w.MasterServletFilter] Initializing servlet filter org.sonar.server.authentication.ws.LoginAction@5718b554 [pattern=UrlPattern{inclusions=[/api/authentication/login], exclusions=[]}]
2021.10.07 08:07:54 INFO  web[][o.s.s.p.w.MasterServletFilter] Initializing servlet filter org.sonar.server.authentication.ws.LogoutAction@3fc78487 [pattern=UrlPattern{inclusions=[/api/authentication/logout], exclusions=[]}]
2021.10.07 08:07:54 INFO  web[][o.s.s.p.w.MasterServletFilter] Initializing servlet filter org.sonar.server.authentication.ws.ValidateAction@12c82c0 [pattern=UrlPattern{inclusions=[/api/authentication/validate], exclusions=[]}]
2021.10.07 08:07:54 INFO  web[][o.s.s.q.ProjectsInWarningDaemon] Counting number of projects in warning is not started as there are no projects in this situation.
2021.10.07 08:07:54 INFO  web[][o.s.s.p.p.PlatformLevelStartup] Running Community Edition
2021.10.07 08:07:54 INFO  web[][o.s.s.p.Platform] WebServer is operational
